<?xml version="1.0" encoding="UTF-8"?>
<testng-results skipped="0" failed="0" ignored="0" total="1" passed="1">
  <reporter-output>
  </reporter-output>
  <suite name="Default suite" duration-ms="45420" started-at="2020-08-17T02:37:22 IST" finished-at="2020-08-17T02:38:07 IST">
    <groups>
    </groups>
    <test name="Default test" duration-ms="45420" started-at="2020-08-17T02:37:22 IST" finished-at="2020-08-17T02:38:07 IST">
      <class name="com.qa.tests.Testqa">
        <test-method status="PASS" signature="startReport()[pri:0, instance:com.qa.tests.Testqa@71bbf57e]" name="startReport" is-config="true" duration-ms="189" started-at="2020-08-17T02:37:22 IST" finished-at="2020-08-17T02:37:22 IST">
          <reporter-output>
          </reporter-output>
        </test-method> <!-- startReport -->
        <test-method status="PASS" signature="ixigoTicketBookingTest()[pri:0, instance:com.qa.tests.Testqa@71bbf57e]" name="ixigoTicketBookingTest" duration-ms="45135" started-at="2020-08-17T02:37:22 IST" finished-at="2020-08-17T02:38:07 IST">
          <reporter-output>
          </reporter-output>
        </test-method> <!-- ixigoTicketBookingTest -->
        <test-method status="FAIL" signature="getResult(org.testng.ITestResult)[pri:0, instance:com.qa.tests.Testqa@71bbf57e]" name="getResult" is-config="true" duration-ms="23" started-at="2020-08-17T02:38:07 IST" finished-at="2020-08-17T02:38:07 IST">
          <params>
            <param index="0">
              <value>
                <![CDATA[[TestResult name=ixigoTicketBookingTest status=SUCCESS method=Testqa.ixigoTicketBookingTest()[pri:0, instance:com.qa.tests.Testqa@71bbf57e] output={null}]]]>
              </value>
            </param>
          </params>
          <exception class="java.lang.NullPointerException">
            <full-stacktrace>
              <![CDATA[java.lang.NullPointerException
at com.qa.tests.Testqa.getResult(Testqa.java:114)
at sun.reflect.NativeMethodAccessorImpl.invoke0(Native Method)
at sun.reflect.NativeMethodAccessorImpl.invoke(NativeMethodAccessorImpl.java:62)
at sun.reflect.DelegatingMethodAccessorImpl.invoke(DelegatingMethodAccessorImpl.java:43)
at java.lang.reflect.Method.invoke(Method.java:498)
at org.testng.internal.MethodInvocationHelper.invokeMethod(MethodInvocationHelper.java:134)
at org.testng.internal.MethodInvocationHelper.invokeMethodConsideringTimeout(MethodInvocationHelper.java:63)
at org.testng.internal.ConfigInvoker.invokeConfigurationMethod(ConfigInvoker.java:348)
at org.testng.internal.ConfigInvoker.invokeConfigurations(ConfigInvoker.java:302)
at org.testng.internal.TestInvoker.runConfigMethods(TestInvoker.java:695)
at org.testng.internal.TestInvoker.runAfterGroupsConfigurations(TestInvoker.java:671)
at org.testng.internal.TestInvoker.invokeMethod(TestInvoker.java:655)
at org.testng.internal.TestInvoker.invokeTestMethod(TestInvoker.java:173)
at org.testng.internal.MethodRunner.runInSequence(MethodRunner.java:46)
at org.testng.internal.TestInvoker$MethodInvocationAgent.invoke(TestInvoker.java:816)
at org.testng.internal.TestInvoker.invokeTestMethods(TestInvoker.java:146)
at org.testng.internal.TestMethodWorker.invokeTestMethods(TestMethodWorker.java:146)
at org.testng.internal.TestMethodWorker.run(TestMethodWorker.java:128)
at java.util.ArrayList.forEach(ArrayList.java:1257)
at org.testng.TestRunner.privateRun(TestRunner.java:766)
at org.testng.TestRunner.run(TestRunner.java:587)
at org.testng.SuiteRunner.runTest(SuiteRunner.java:384)
at org.testng.SuiteRunner.runSequentially(SuiteRunner.java:378)
at org.testng.SuiteRunner.privateRun(SuiteRunner.java:337)
at org.testng.SuiteRunner.run(SuiteRunner.java:286)
at org.testng.SuiteRunnerWorker.runSuite(SuiteRunnerWorker.java:53)
at org.testng.SuiteRunnerWorker.run(SuiteRunnerWorker.java:96)
at org.testng.TestNG.runSuitesSequentially(TestNG.java:1187)
at org.testng.TestNG.runSuitesLocally(TestNG.java:1109)
at org.testng.TestNG.runSuites(TestNG.java:1039)
at org.testng.TestNG.run(TestNG.java:1007)
at org.testng.remote.AbstractRemoteTestNG.run(AbstractRemoteTestNG.java:115)
at org.testng.remote.RemoteTestNG.initAndRun(RemoteTestNG.java:251)
at org.testng.remote.RemoteTestNG.main(RemoteTestNG.java:77)
]]>
            </full-stacktrace>
          </exception> <!-- java.lang.NullPointerException -->
          <reporter-output>
          </reporter-output>
        </test-method> <!-- getResult -->
        <test-method status="SKIP" signature="EndReport()[pri:0, instance:com.qa.tests.Testqa@71bbf57e]" name="EndReport" is-config="true" duration-ms="-1597612087986" started-at="2020-08-17T02:38:07 IST" finished-at="1970-01-01T05:30:00 IST">
          <reporter-output>
          </reporter-output>
        </test-method> <!-- EndReport -->
      </class> <!-- com.qa.tests.Testqa -->
    </test> <!-- Default test -->
  </suite> <!-- Default suite -->
</testng-results>
