<?xml version="1.0" encoding="UTF-8"?>
<testng-results skipped="0" failed="0" ignored="0" total="1" passed="1">
  <reporter-output>
  </reporter-output>
  <suite name="Default suite" duration-ms="106381" started-at="2020-08-18T16:01:34 IST" finished-at="2020-08-18T16:03:20 IST">
    <groups>
    </groups>
    <test name="Default test" duration-ms="106381" started-at="2020-08-18T16:01:34 IST" finished-at="2020-08-18T16:03:20 IST">
      <class name="com.qa.tests.ExecutableClass_Testqa">
        <test-method status="PASS" signature="BrowserSetup()[pri:0, instance:com.qa.tests.ExecutableClass_Testqa@711f39f9]" name="BrowserSetup" is-config="true" duration-ms="6952" started-at="2020-08-18T16:01:34 IST" finished-at="2020-08-18T16:01:41 IST">
          <reporter-output>
          </reporter-output>
        </test-method> <!-- BrowserSetup -->
        <test-method status="PASS" signature="ixigoTicketBookingTest()[pri:0, instance:com.qa.tests.ExecutableClass_Testqa@711f39f9]" name="ixigoTicketBookingTest" duration-ms="98533" started-at="2020-08-18T16:01:41 IST" finished-at="2020-08-18T16:03:19 IST">
          <reporter-output>
          </reporter-output>
        </test-method> <!-- ixigoTicketBookingTest -->
        <test-method status="PASS" signature="endBrowserSetup()[pri:0, instance:com.qa.tests.ExecutableClass_Testqa@711f39f9]" name="endBrowserSetup" is-config="true" duration-ms="833" started-at="2020-08-18T16:03:19 IST" finished-at="2020-08-18T16:03:20 IST">
          <reporter-output>
          </reporter-output>
        </test-method> <!-- endBrowserSetup -->
      </class> <!-- com.qa.tests.ExecutableClass_Testqa -->
    </test> <!-- Default test -->
  </suite> <!-- Default suite -->
</testng-results>
