<?xml version="1.0" encoding="UTF-8"?>
<!-- Generated by org.testng.reporters.JUnitXMLReporter -->
<testsuite hostname="ritika-r" ignored="0" name="Test1" tests="1" failures="0" timestamp="2020-08-17T01:10:02 IST" time="13.36" errors="0">
  <testcase name="@AfterMethod getResult" time="0.011" classname="com.qa.tests.Testqa">
    <failure type="java.lang.NullPointerException">
      <![CDATA[java.lang.NullPointerException
at com.qa.tests.Testqa.getResult(Testqa.java:79)
at java.util.ArrayList.forEach(ArrayList.java:1257)
... Removed 32 stack frames]]>
    </failure>
  </testcase> <!-- @AfterMethod getResult -->
  <testcase name="@AfterTest EndReport" time="-1.59760680276E9" classname="com.qa.tests.Testqa">
    <skipped/>
  </testcase> <!-- @AfterTest EndReport -->
  <testcase name="ixigoTicketBookingTest" time="13.129" classname="com.qa.tests.Testqa"/>
</testsuite> <!-- Test1 -->
